/usr/local/lib:
/lib/x86_64-linux-gnu:
	libanl.so.1 -> libanl-2.15.so
	libSegFault.so -> libSegFault.so
	libncursesw.so.5 -> libncursesw.so.5.9
	libnss_hesiod.so.2 -> libnss_hesiod-2.15.so
	libgpg-error.so.0 -> libgpg-error.so.0.8.0
	libpci.so.3 -> libpci.so.3.1.8
	libbsd.so.0 -> libbsd.so.0.3.0
	libmemusage.so -> libmemusage.so
	libcidn.so.1 -> libcidn-2.15.so
	libwrap.so.0 -> libwrap.so.0.7.6
	libatasmart.so.4 -> libatasmart.so.4.0.4
	libacl.so.1 -> libacl.so.1.1.0
	libe2p.so.2 -> libe2p.so.2.3
	libm.so.6 -> libm-2.15.so
	libcom_err.so.2 -> libcom_err.so.2.1
	libpthread.so.0 -> libpthread-2.15.so
	libkeyutils.so.1 -> libkeyutils.so.1.4
	libnih.so.1 -> libnih.so.1.0.0
	libnss_nis.so.2 -> libnss_nis-2.15.so
	libnih-dbus.so.1 -> libnih-dbus.so.1.0.0
	libusb-1.0.so.0 -> libusb-1.0.so.0.1.0
	libtinfo.so.5 -> libtinfo.so.5.9
	libuuid.so.1 -> libuuid.so.1.3.0
	libglib-2.0.so.0 -> libglib-2.0.so.0.3200.3
	libudev.so.0 -> libudev.so.0.13.0
	libhistory.so.6 -> libhistory.so.6.2
	libcrypto.so.1.0.0 -> libcrypto.so.1.0.0
	libthread_db.so.1 -> libthread_db-1.0.so
	libext2fs.so.2 -> libext2fs.so.2.4
	libusb-0.1.so.4 -> libusb-0.1.so.4.4.4
	libselinux.so.1 -> libselinux.so.1
	libmount.so.1 -> libmount.so.1.1.0
	libblkid.so.1 -> libblkid.so.1.1.0
	libdl.so.2 -> libdl-2.15.so
	libBrokenLocale.so.1 -> libBrokenLocale-2.15.so
	libattr.so.1 -> libattr.so.1.1.0
	libnss_nisplus.so.2 -> libnss_nisplus-2.15.so
	libutil.so.1 -> libutil-2.15.so
	libnss_dns.so.2 -> libnss_dns-2.15.so
	libpcsclite.so.1 -> libpcsclite.so.1.0.0
	libcrypt.so.1 -> libcrypt-2.15.so
	libpng12.so.0 -> libpng12.so.0.46.0
	libss.so.2 -> libss.so.2.0
	librt.so.1 -> librt-2.15.so
	libgcc_s.so.1 -> libgcc_s.so.1
	libpamc.so.0 -> libpamc.so.0.82.1
	ld-linux-x86-64.so.2 -> ld-2.15.so
	libssl.so.1.0.0 -> libssl.so.1.0.0
	libexpat.so.1 -> libexpat.so.1.5.2
	libslang.so.2 -> libslang.so.2.2.4
	libntfs-3g.so.831 -> libntfs-3g.so.831.0.0
	libnss_compat.so.2 -> libnss_compat-2.15.so
	libnss_files.so.2 -> libnss_files-2.15.so
	libpcre.so.3 -> libpcre.so.3.12.1
	libc.so.6 -> libc-2.15.so
	libdbus-1.so.3 -> libdbus-1.so.3.5.8
	libpopt.so.0 -> libpopt.so.0.0.0
	libbz2.so.1.0 -> libbz2.so.1.0.4
	libgcrypt.so.11 -> libgcrypt.so.11.7.0
	libcap.so.2 -> libcap.so.2.22
	libresolv.so.2 -> libresolv-2.15.so
	libpam.so.0 -> libpam.so.0.83.0
	libncurses.so.5 -> libncurses.so.5.9
	libpam_misc.so.0 -> libpam_misc.so.0.82.0
	libpcprofile.so -> libpcprofile.so
	libparted.so.0 -> libparted.so.0.0.1
	libreadline.so.6 -> libreadline.so.6.2
	libnsl.so.1 -> libnsl-2.15.so
	libz.so.1 -> libz.so.1.2.3.4
/usr/lib/x86_64-linux-gnu:
	libSM.so.6 -> libSM.so.6.0.1
	libkrb5support.so.0 -> libkrb5support.so.0.1
	libv4lconvert.so.0 -> libv4lconvert.so.0
	libpangox-1.0.so.0 -> libpangox-1.0.so.0.3000.0
	libjacknet.so.0 -> libjacknet.so.0.1.0
	libssl3.so -> libssl3.so
	libXrandr.so.2 -> libXrandr.so.2.2.0
	libtdb.so.1 -> libtdb.so.1.2.9
	libtalloc.so.2 -> libtalloc.so.2.0.7
	libORBitCosNaming-2.so.0 -> libORBitCosNaming-2.so.0.1.0
	libcanberra-gtk3.so.0 -> libcanberra-gtk3.so.0.1.8
	libavc1394.so.0 -> libavc1394.so.0.3.0
	libgdu-gtk.so.0 -> libgdu-gtk.so.0.0.0
	libavahi-ui-gtk3.so.0 -> libavahi-ui-gtk3.so.0.1.4
	libpolkit-gobject-1.so.0 -> libpolkit-gobject-1.so.0.0.0
	libmng.so.1 -> libmng.so.1.1.0.10
	libXmuu.so.1 -> libXmuu.so.1.0.0
	libpulse-simple.so.0 -> libpulse-simple.so.0.0.3
	libpangoft2-1.0.so.0 -> libpangoft2-1.0.so.0.3000.0
	libv4l2.so.0 -> libv4l2.so.0
	libgpm.so.2 -> libgpm.so.2
	libwbclient.so.0 -> libwbclient.so.0
	liblockfile.so.1 -> liblockfile.so.1.0
	libutouch-evemu.so.1 -> libutouch-evemu.so.1.0.0
	libxcb-util.so.0 -> libxcb-util.so.0.0.0
	libkdb5.so.6 -> libkdb5.so.6.0
	libsensors.so.4 -> libsensors.so.4.3.1
	liborc-test-0.4.so.0 -> liborc-test-0.4.so.0.16.0
	libdconf.so.0 -> libdconf.so.0.0.0
	libgdu.so.0 -> libgdu.so.0.0.0
	libcolord.so.1 -> libcolord.so.1.0.8
	libiec61883.so.0 -> libiec61883.so.0.1.1
	libplds4.so -> libplds4.so
	libXi.so.6 -> libXi.so.6.1.0
	libXdmcp.so.6 -> libXdmcp.so.6.0.0
	libpulse.so.0 -> libpulse.so.0.13.5
	libsamplerate.so.0 -> libsamplerate.so.0.1.8
	libgstrtp-0.10.so.0 -> libgstrtp-0.10.so.0.25.0
	libwacom.so.2 -> libwacom.so.2.0.0
	libgio-2.0.so.0 -> libgio-2.0.so.0.3200.3
	libfreetype.so.6 -> libfreetype.so.6.8.0
	libvorbis.so.0 -> libvorbis.so.0.4.5
	libvisual-0.4.so.0 -> libvisual-0.4.so.0.0.0
	libfontconfig.so.1 -> libfontconfig.so.1.4.4
	libcurl-nss.so.4 -> libcurl-nss.so.4.2.0
	libtheora.so.0 -> libtheora.so.0.3.10
	libsndfile.so.1 -> libsndfile.so.1.0.25
	libcairo.so.2 -> libcairo.so.2.11000.2
	libpcap.so.0.8 -> libpcap.so.1.1.1
	libapt-pkg.so.4.12 -> libapt-pkg.so.4.12.0
	libcanberra-gtk.so.0 -> libcanberra-gtk.so.0.1.8
	librtmp.so.0 -> librtmp.so.0
	libgstcontroller-0.10.so.0 -> libgstcontroller-0.10.so.0.30.0
	libpango-1.0.so.0 -> libpango-1.0.so.0.3000.0
	libcupsmime.so.1 -> libcupsmime.so.1
	libtic.so.5 -> libtic.so.5.9
	libavahi-client.so.3 -> libavahi-client.so.3.2.9
	libgd.so.2 -> libgd.so.2.0.0
	libasound.so.2 -> libasound.so.2.0.0
	libgstreamer-0.10.so.0 -> libgstreamer-0.10.so.0.30.0
	libX11.so.6 -> libX11.so.6.3.0
	libnettle.so.4 -> libnettle.so.4.3
	libSDL-1.2.so.0 -> libSDL-1.2.so.0.11.3
	libpangocairo-1.0.so.0 -> libpangocairo-1.0.so.0.3000.0
	libgphoto2_port.so.0 -> libgphoto2_port.so.0.8.0
	libcupsdriver.so.1 -> libcupsdriver.so.1
	libgstdataprotocol-0.10.so.0 -> libgstdataprotocol-0.10.so.0.30.0
	libcupsfilters.so.1 -> libcupsfilters.so.1
	libmpc.so.2 -> libmpc.so.2.0.0
	libespeak.so.1 -> libespeak.so.1.1.46
	libnssutil3.so -> libnssutil3.so
	libsane.so.1 -> libsane.so.1.0.22
	libjasper.so.1 -> libjasper.so.1.0.0
	libQtXmlPatterns.so.4 -> libQtXmlPatterns.so.4.8.1
	liblua5.1.so.0 -> liblua5.1.so.0.0.0
	libdrm_intel.so.1 -> libdrm_intel.so.1.0.0
	libgstsdp-0.10.so.0 -> libgstsdp-0.10.so.0.25.0
	libXv.so.1 -> libXv.so.1.0.0
	libarchive.so.12 -> libarchive.so.12.0.3
	libogg.so.0 -> libogg.so.0.7.1
	libgoa-backend-1.0.so.0 -> libgoa-backend-1.0.so.0.0.0
	libcupscgi.so.1 -> libcupscgi.so.1
	libXrender.so.1 -> libXrender.so.1.3.0
	libORBit-imodule-2.so.0 -> libORBit-imodule-2.so.0.0.0
	libp11-kit.so.0 -> libp11-kit.so.0.0.0
	libpulsecommon-1.1.so -> libpulsecommon-1.1.so
	libgmodule-2.0.so.0 -> libgmodule-2.0.so.0.3200.3
	libplc4.so -> libplc4.so
	libmpfr.so.4 -> libmpfr.so.4.1.0
	libgooglepinyin.so.0 -> libgooglepinyin.so.0.1.0
	libcupsimage.so.2 -> libcupsimage.so.2
	libxcb-glx.so.0 -> libxcb-glx.so.0.0.0
	libstdc++.so.6 -> libstdc++.so.6.0.16
	libcaca++.so.0 -> libcucul++.so.0.99.17
	libavahi-core.so.7 -> libavahi-core.so.7.0.2
	libpulse-mainloop-glib.so.0 -> libpulse-mainloop-glib.so.0.0.4
	libXp.so.6 -> libXp.so.6.2.0
	libsoup-gnome-2.4.so.1 -> libsoup-gnome-2.4.so.1.5.0
	libv4l1.so.0 -> libv4l1.so.0
	libgtksourceview-3.0.so.0 -> libgtksourceview-3.0.so.0.0.0
	libutouch-grail.so.1 -> libutouch-grail.so.1.3.0
	libpolkit-agent-1.so.0 -> libpolkit-agent-1.so.0.0.0
	libpangomm-1.4.so.1 -> libpangomm-1.4.so.1.0.30
	libpangoxft-1.0.so.0 -> libpangoxft-1.0.so.0.3000.0
	libxcb-dri2.so.0 -> libxcb-dri2.so.0.0.0
	libXau.so.6 -> libXau.so.6.0.0
	libgstbasecamerabinsrc-0.10.so.0 -> libgstbasecamerabinsrc-0.10.so.0.0.0
	libcurl.so.4 -> libcurl.so.4.2.0
	libdrm_radeon.so.1 -> libdrm_radeon.so.1.0.0
	libQtCore.so.4 -> libQtCore.so.4.8.1
	liblcms2.so.2 -> liblcms2.so.2.0.2
	libXss.so.1 -> libXss.so.1.0.0
	libgtk-3.so.0 -> libgtk-3.so.0.400.2
	libgee.so.2 -> libgee.so.2.0.0
	libXcomposite.so.1 -> libXcomposite.so.1.0.0
	libgssapi.so.3 -> libgssapi.so.3.0.0
	libieee1284.so.3 -> libieee1284.so.3.2.2
	libfarstream-0.1.so.0 -> libfarstream-0.1.so.0.0.1
	liboauth.so.0 -> liboauth.so.0.8.1
	libFLAC.so.8 -> libFLAC.so.8.2.0
	libvorbisenc.so.2 -> libvorbisenc.so.2.0.8
	libhx509.so.5 -> libhx509.so.5.0.0
	libcurl-gnutls.so.4 -> libcurl.so
	libdrm.so.2 -> libdrm.so.2.4.0
	libquvi.so.7 -> libquvi.so.7.0.0
	libgdbm_compat.so.3 -> libgdbm_compat.so.3.0.0
	libpanel.so.5 -> libpanel.so.5.9
	libtag.so.1 -> libtag.so.1.7.0
	libdbusmenu-gtk.so.4 -> libdbusmenu-gtk.so.4.0.13
	libquadmath.so.0 -> libquadmath.so.0.0.0
	libcanberra.so.0 -> libcanberra.so.0.2.5
	libdrm_nouveau.so.1 -> libdrm_nouveau.so.1.0.0
	libgstriff-0.10.so.0 -> libgstriff-0.10.so.0.25.0
	libtheoraenc.so.1 -> libtheoraenc.so.1.1.2
	libtiff.so.4 -> libtiff.so.4.3.4
	libelf.so.1 -> libelf-0.152.so
	libbamf3.so.0 -> libbamf3.so.0.0.0
	libportaudio.so.2 -> libportaudio.so.2.0.0
	libform.so.5 -> libform.so.5.9
	libbamf.so.0 -> libbamf.so.0.0.0
	libXext.so.6 -> libXext.so.6.4.0
	libxslt.so.1 -> libxslt.so.1.1.26
	libxcb-shm.so.0 -> libxcb-shm.so.0.0.0
	libQtSvg.so.4 -> libQtSvg.so.4.8.1
	libraw1394.so.11 -> libraw1394.so.11.0.1
	libgstcheck-0.10.so.0 -> libgstcheck-0.10.so.0.30.0
	libsmbclient.so.0 -> libsmbclient.so.0
	libpcreposix.so.3 -> libpcreposix.so.3.12.1
	libXfixes.so.3 -> libXfixes.so.3.1.0
	libpulsedsp.so -> libpulsedsp.so
	libpolkit-backend-1.so.0 -> libpolkit-backend-1.so.0.0.0
	libICE.so.6 -> libICE.so.6.3.0
	libgudev-1.0.so.0 -> libgudev-1.0.so.0.1.1
	libpanelw.so.5 -> libpanelw.so.5.9
	libgiomm-2.4.so.1 -> libgiomm-2.4.so.1.3.0
	libsasl2.so.2 -> libsasl2.so.2.0.25
	libhunspell-1.3.so.0 -> libhunspell-1.3.so.0.0.0
	libxml2.so.2 -> libxml2.so.2.7.8
	libgdk-3.so.0 -> libgdk-3.so.0.400.2
	libheimntlm.so.0 -> libheimntlm.so.0.1.0
	libcdda_paranoia.so.0 -> libcdda_paranoia.so.0.10.2
	libmenuw.so.5 -> libmenuw.so.5.9
	libgnutlsxx.so.27 -> libgnutlsxx.so.27.0.0
	libpipeline.so.1 -> libpipeline.so.1.2.1
	libthai.so.0 -> libthai.so.0.1.6
	libgupnp-igd-1.0.so.4 -> libgupnp-igd-1.0.so.4.1.0
	libdiscid.so.0 -> libdiscid.so.0.2.1
	libQtDeclarative.so.4 -> libQtDeclarative.so.4.8.1
	liblua5.1-c++.so.0 -> liblua5.1-c++.so.0.0.0
	libgstvideo-0.10.so.0 -> libgstvideo-0.10.so.0.25.0
	liblber-2.4.so.2 -> liblber.so
	libffi.so.6 -> libffi.so.6.0.0
	libXmu.so.6 -> libXmu.so.6.2.0
	libnice.so.10 -> libnice.so.10.0.1
	libyajl.so.1 -> libyajl.so.1.0.12
	libgtk-x11-2.0.so.0 -> libgtk-x11-2.0.so.0.2400.10
	libX11-xcb.so.1 -> libX11-xcb.so.1.0.0
	libLLVM-3.0.so.1 -> libLLVM-3.0.so.1
	libsonic.so.0 -> libsonic.so.0.1.17
	liblouis.so.2 -> liblouis.so.2.2.3
	libcairomm-1.0.so.1 -> libcairomm-1.0.so.1.4.0
	libjack.so.0 -> libjack.so.0.1.0
	libnss3.so -> libnss3.so
	libpoppler-glib.so.8 -> libpoppler-glib.so.8.2.0
	libgnutls-openssl.so.27 -> libgnutls-openssl.so.27.0.0
	libedit.so.2 -> libedit.so.2.11
	libsigc-2.0.so.0 -> libsigc-2.0.so.0.0.0
	libgstpbutils-0.10.so.0 -> libgstpbutils-0.10.so.0.25.0
	libibus-1.0.so.0 -> libibus-1.0.so.0.401.0
	libhcrypto.so.4 -> libhcrypto.so.4.1.0
	libcairo-gobject.so.2 -> libcairo-gobject.so.2.11000.2
	libexslt.so.0 -> libexslt.so.0.8.15
	libXdamage.so.1 -> libXdamage.so.1.1.0
	libkrb5.so.3 -> libkrb5.so.3.3
	libxcb-shape.so.0 -> libxcb-shape.so.0.0.0
	libdconf-dbus-1.so.0 -> libdconf-dbus-1.so.0.0.0
	libdbusmenu-qt.so.2 -> libdbusmenu-qt.so.2.6.0
	libGLU.so.1 -> libGLU.so.1.3.08000
	libgnutls-extra.so.26 -> libgnutls-extra.so.26.21.8
	libglapi.so.0 -> libglapi.so.0.0.0
	libdb-5.1.so -> libdb-5.1.so
	libpciaccess.so.0 -> libpciaccess.so.0.11.0
	libORBit-2.so.0 -> libORBit-2.so.0.1.0
	libapt-inst.so.1.4 -> libapt-inst.so.1.4.0
	libQtSql.so.4 -> libQtSql.so.4.8.1
	libQtNetwork.so.4 -> libQtNetwork.so.4.8.1
	libQtDBus.so.4 -> libQtDBus.so.4.8.1
	liblcms.so.1 -> liblcms.so.1.0.19
	librsvg-2.so.2 -> librsvg-2.so.2.36.1
	libdbusmenu-gtk3.so.4 -> libdbusmenu-gtk3.so.4.0.13
	libxkbfile.so.1 -> libxkbfile.so.1.0.2
	libspeexdsp.so.1 -> libspeexdsp.so.1.5.0
	libproxy.so.1 -> libproxy.so.1.0.0
	libasyncns.so.0 -> libasyncns.so.0.3.1
	libxcb-render.so.0 -> libxcb-render.so.0.0.0
	libgomp.so.1 -> libgomp.so.1.0.0
	libdv.so.4 -> libdv.so.4.0.3
	libXaw.so.7 -> libXaw7.so.7.0.0
	libcroco-0.6.so.3 -> libcroco-0.6.so.3.0.1
	libIDL-2.so.0 -> libIDL-2.so.0.0.0
	libgailutil.so.18 -> libgailutil.so.18.0.1
	libQtGui.so.4 -> libQtGui.so.4.8.1
	libQtScript.so.4 -> libQtScript.so.4.8.1
	libxatracker.so.1 -> libxatracker.so.1.0.0
	libgstbase-0.10.so.0 -> libgstbase-0.10.so.0.30.0
	libwind.so.0 -> libwind.so.0.0.0
	libavahi-glib.so.1 -> libavahi-glib.so.1.0.2
	libssh_threads.so.4 -> libssh_threads.so.4.2.2
	libgstfft-0.10.so.0 -> libgstfft-0.10.so.0.25.0
	libglibmm-2.4.so.1 -> libglibmm-2.4.so.1.3.0
	libgphoto2.so.2 -> libgphoto2.so.2.4.0
	libXxf86vm.so.1 -> libXxf86vm.so.1.0.0
	libgthread-2.0.so.0 -> libgthread-2.0.so.0.3200.3
	libasn1.so.8 -> libasn1.so.8.0.0
	libheimbase.so.1 -> libheimbase.so.1.0.0
	libgdk-x11-2.0.so.0 -> libgdk-x11-2.0.so.0.2400.10
	libatspi.so.0 -> libatspi.so.0.0.1
	libQtXml.so.4 -> libQtXml.so.4.8.1
	libgmp.so.10 -> libgmp.so.10.0.2
	libpoppler.so.19 -> libpoppler.so.19.0.0
	libexif.so.12 -> libexif.so.12.3.2
	libroken.so.18 -> libroken.so.18.1.0
	libjpeg.so.8 -> libjpeg.so.8.0.2
	libstartup-notification-1.so.0 -> libstartup-notification-1.so.0.0.0
	libidn.so.11 -> libidn.so.11.6.6
	libkrb5.so.26 -> libkrb5.so.26.0.0
	libgstphotography-0.10.so.0 -> libgstphotography-0.10.so.0.0.0
	libbluetooth.so.3 -> libbluetooth.so.3.11.5
	libgoa-1.0.so.0 -> libgoa-1.0.so.0.0.0
	libgobject-2.0.so.0 -> libgobject-2.0.so.0.3200.3
	libformw.so.5 -> libformw.so.5.9
	libXft.so.2 -> libXft.so.2.2.0
	libdbus-glib-1.so.2 -> libdbus-glib-1.so.2.2.2
	libcaca.so.0 -> libcucul.so.0.99.17
	libgnutls.so.26 -> libgnutls.so.26.21.8
	libssh.so.4 -> libssh.so.4.2.2
	libjson.so.0 -> libjson.so.0.0.1
	libnspr4.so -> libnspr4.so
	libgdk_pixbuf_xlib-2.0.so.0 -> libgdk_pixbuf_xlib-2.0.so.0.2600.1
	libsmime3.so -> libsmime3.so
	libcupsppdc.so.1 -> libcupsppdc.so.1
	liblzma.so.5 -> liblzma.so.5.0.0
	libgstcdda-0.10.so.0 -> libgstcdda-0.10.so.0.25.0
	libxcb.so.1 -> libxcb.so.1.1.0
	libwmflite-0.2.so.7 -> libwmflite-0.2.so.7.0.1
	libgconf-2.so.4 -> libgconf-2.so.4.1.5
	libavahi-common.so.3 -> libavahi-common.so.3.5.3
	libGLEWmx.so.1.6 -> libGLEWmx.so.1.6.0
	libk5crypto.so.3 -> libk5crypto.so.3.1
	libjson-glib-1.0.so.0 -> libjson-glib-1.0.so.0.1400.2
	libcdda_interface.so.0 -> libcdda_interface.so.0.10.2
	libatk-1.0.so.0 -> libatk-1.0.so.0.20409.1
	libexempi.so.3 -> libexempi.so.3.2.2
	libgstinterfaces-0.10.so.0 -> libgstinterfaces-0.10.so.0.25.0
	libexpatw.so.1 -> libexpatw.so.1.5.2
	libwavpack.so.1 -> libwavpack.so.1.1.4
	libglibmm_generate_extra_defs-2.4.so.1 -> libglibmm_generate_extra_defs-2.4.so.1.3.0
	libkadm5clnt_mit.so.8 -> libkadm5clnt_mit.so.8.0
	libavahi-gobject.so.0 -> libavahi-gobject.so.0.0.4
	libXpm.so.4 -> libXpm.so.4.11.0
	libtheoradec.so.1 -> libtheoradec.so.1.1.4
	libtasn1.so.3 -> libtasn1.so.3.1.12
	libsoup-2.4.so.1 -> libsoup-2.4.so.1.5.0
	libldap_r-2.4.so.2 -> libldap_r.so
	liborc-0.4.so.0 -> liborc-0.4.so.0.16.0
	libcups.so.2 -> libcups.so.2
	libQtOpenGL.so.4 -> libQtOpenGL.so.4.8.1
	libspeex.so.1 -> libspeex.so.1.5.0
	libgailutil-3.so.0 -> libgailutil-3.so.0.0.0
	libkadm5srv_mit.so.8 -> libkadm5srv_mit.so.8.0
	libnotify.so.4 -> libnotify.so.4.0.0
	libgutenprint.so.3 -> libgutenprint.so.3.0.0
	libXcursor.so.1 -> libXcursor.so.1.0.2
	libgnome-keyring.so.0 -> libgnome-keyring.so.0.2.0
	libgdk_pixbuf-2.0.so.0 -> libgdk_pixbuf-2.0.so.0.2600.1
	libsqlite3.so.0 -> libsqlite3.so.0.8.6
	libwmf-0.2.so.7 -> libwmf-0.2.so.7.1.0
	libutouch-frame.so.1 -> libutouch-frame.so.1.4.0
	librom1394.so.0 -> librom1394.so.0.3.0
	libgif.so.4 -> libungif.so.4.1.6
	libgstnetbuffer-0.10.so.0 -> libgstnetbuffer-0.10.so.0.25.0
	libGLEW.so.1.6 -> libGLEW.so.1.6.0
	libgstrtsp-0.10.so.0 -> libgstrtsp-0.10.so.0.25.0
	libXinerama.so.1 -> libXinerama.so.1.0.0
	libgsttag-0.10.so.0 -> libgsttag-0.10.so.0.25.0
	libgssrpc.so.4 -> libgssrpc.so.4.1
	libatkmm-1.6.so.1 -> libatkmm-1.6.so.1.1.0
	libmenu.so.5 -> libmenu.so.5.9
	libgdbm.so.3 -> libgdbm.so.3.0.0
	libgstapp-0.10.so.0 -> libgstapp-0.10.so.0.25.0
	libdbusmenu-glib.so.4 -> libdbusmenu-glib.so.4.0.13
	libXtst.so.6 -> libXtst.so.6.1.0
	libgstaudio-0.10.so.0 -> libgstaudio-0.10.so.0.25.0
	libutouch-geis.so.1 -> libutouch-geis.so.1.3.0
	libshout.so.3 -> libshout.so.3.2.0
	libpixman-1.so.0 -> libpixman-1.so.0.24.4
	libgssapi_krb5.so.2 -> libgssapi_krb5.so.2.2
	libtelepathy-logger.so.2 -> libtelepathy-logger.so.2.2.1
	libaa.so.1 -> libaa.so.1.0.4
	libgstnet-0.10.so.0 -> libgstnet-0.10.so.0.30.0
	libQtCLucene.so.4 -> libQtCLucene.so.4.8.1
	libvorbisfile.so.3 -> libvorbisfile.so.3.3.4
	libXt.so.6 -> libXt.so.6.0.0
	libdatrie.so.1 -> libdatrie.so.1.1.0
	libltdl.so.7 -> libltdl.so.7.3.0
	libaudio.so.2 -> libaudio.so.2.4
/usr/lib/x86_64-linux-gnu/mesa:
	libGL.so.1 -> libGL.so.1.2
/lib:
	liblvm2app.so.2.2 -> liblvm2app.so.2.2
	libnss_mdns4.so.2 -> libnss_mdns4.so.2
	libnss_mdns6.so.2 -> libnss_mdns6.so.2
	libbrlapi.so.0.5 -> libbrlapi.so.0.5.6
	libdevmapper-event.so.1.02.1 -> libdevmapper-event.so.1.02.1
	libply-boot-client.so.2 -> libply-boot-client.so.2.0.0
	libx86.so.1 -> libx86.so.1
	libnss_mdns.so.2 -> libnss_mdns.so.2
	libip6tc.so.0 -> libip6tc.so.0.0.0
	libulockmgr.so.1 -> libulockmgr.so.1.0.1
	libnss_mdns4_minimal.so.2 -> libnss_mdns4_minimal.so.2
	libipq.so.0 -> libipq.so.0.0.0
	libply.so.2 -> libply.so.2.0.0
	libproc-3.2.8.so -> libproc-3.2.8.so
	libiptc.so.0 -> libiptc.so.0.0.0
	libiw.so.30 -> libiw.so.30
	libply-splash-core.so.2 -> libply-splash-core.so.2.0.0
	libxtables.so.7 -> libxtables.so.7.0.0
	libsysfs.so.2 -> libsysfs.so.2.0.1
	libnss_mdns6_minimal.so.2 -> libnss_mdns6_minimal.so.2
	libdevmapper.so.1.02.1 -> libdevmapper.so.1.02.1
	libcryptsetup.so.4 -> libcryptsetup.so.4.0.0
	libfuse.so.2 -> libfuse.so.2.8.6
	libnl-genl-3.so.200 -> libnl-genl-3.so.200.3.0
	libipq_pic.so.0 -> libipq_pic.so.0.0.0
	libnewt.so.0.52 -> libnewt.so.0.52.11
	libip4tc.so.0 -> libip4tc.so.0.0.0
	libply-splash-graphics.so.2 -> libply-splash-graphics.so.2.0.0
	libnss_mdns_minimal.so.2 -> libnss_mdns_minimal.so.2
	libnl-3.so.200 -> libnl-3.so.200.3.0
/usr/lib:
	libm17n-core.so.0 -> libm17n-core.so.0.4.0
	libQtDee.so.2 -> libQtDee.so.2.0.0
	libmeanwhile.so.1 -> libmeanwhile.so.1.0.2
	libept.so.1.0.5.4.12 -> libept.so.1.0.5.4.12
	libtelepathy-farstream.so.2 -> libtelepathy-farstream.so.2.0.1
	libebackend-1.2.so.1 -> libebackend-1.2.so.1.0.0
	libraptor2.so.0 -> libraptor2.so.0.0.0
	libboost_timer.so.1.48.0 -> libboost_timer.so.1.48.0
	libcdio_cdda.so.1 -> libcdio_cdda.so.1.0.0
	libnm-util.so.2 -> libnm-util.so.2.3.0
	libexiv2.so.11 -> libexiv2.so.11.0.0
	librasqal.so.3 -> librasqal.so.3.0.0
	libboost_date_time.so.1.48.0 -> libboost_date_time.so.1.48.0
	libnetsnmpmibs.so.15 -> libnetsnmpmibs.so.15.1.2
	libgpgme.so.11 -> libgpgme.so.11.7.0
	libtk8.5.so.0 -> libtk8.5.so.0
	libfreerdp-kbd.so.1.0 -> libfreerdp-kbd.so.1.0.1
	libminiupnpc.so.8 -> libminiupnpc.so.8
	libwnck-1.so.22 -> libwnck-1.so.22.3.31
	libwebkitgtk-3.0.so.0 -> libwebkitgtk-3.0.so.0.13.2
	libboost_wave.so.1.48.0 -> libboost_wave.so.1.48.0
	libdotconf-1.0.so.0 -> libdotconf-1.0.so.0.10.4
	libcamel-provider-1.2.so.29 -> libcamel-provider-1.2.so.29.0.0
	libgcr-3.so.1 -> libgcr-3.so.1.0.0
	libfolks-eds.so.25 -> libfolks-eds.so.25.7.0
	libgnomekbdui.so.7 -> libgnomekbdui.so.7.0.0
	libisccfg.so.82 -> libisccfg.so.82.0.0
	libtotem-plparser.so.17 -> libtotem-plparser.so.17.0.3
	libindicator.so.7 -> libindicator.so.7.0.0
	libboost_mpi.so.1.48.0 -> libboost_mpi.so.1.48.0
	libboost_signals.so.1.48.0 -> libboost_signals.so.1.48.0
	libgpgme-pthread.so.11 -> libgpgme-pthread.so.11.7.0
	libgupnp-1.0.so.4 -> libgupnp-1.0.so.4.0.0
	libbfd-2.22-system.so -> libbfd-2.22-system.so
	libguile-srfi-srfi-13-14-v-3.so.3 -> libguile-srfi-srfi-13-14-v-3.so.3.0.1
	libboost_graph.so.1.48.0 -> libboost_graph.so.1.48.0
	libboost_iostreams.so.1.48.0 -> libboost_iostreams.so.1.48.0
	libboost_system.so.1.48.0 -> libboost_system.so.1.48.0
	libevview3.so.3 -> libevview3.so.3.0.0
	libisccc.so.80 -> libisccc.so.80.0.0
	libopencc.so.1 -> libopencc.so.1.0.0
	libunity-core-5.0.so.5 -> libunity-core-5.0.so.5.0.0
	libart_lgpl_2.so.2 -> libart_lgpl_2.so.2.3.21
	libQtGConf.so.1 -> libQtGConf.so.1.0.0
	libappindicator.so.1 -> libappindicator.so.1.0.0
	libgtop-2.0.so.7 -> libgtop-2.0.so.7.2.0
	libXrender-nx.so.1 -> libXrender-nx.so.1.2.2
	libtcl8.5.so.0 -> libtcl8.5.so.0
	libXvMC.so.1 -> libXvMC.so.1.0.0
	libgexiv2.so.1 -> libgexiv2.so.1.0.0
	libopen-rte.so.0 -> libopen-rte.so.0.0.0
	libboost_regex.so.1.48.0 -> libboost_regex.so.1.48.0
	libgksu2.so.0 -> libgksu2.so.0.0.2
	libunity-misc.so.4 -> libunity-misc.so.4.1.0
	libicudata.so.48 -> libicudata.so.48.1.1
	libnux-image-2.0.so.0 -> libnux-image-2.0.so.0.1200.0
	libnm-gtk.so.0 -> libnm-gtk.so.0.0.0
	libubuntuoneui-3.0.so.1 -> libubuntuoneui-3.0.so.1.0.0
	libgdkmm-3.0.so.1 -> libgdkmm-3.0.so.1.1.0
	libgwibber-gtk.so.2 -> libgwibber-gtk.so.2.0.0
	libopenmpi_malloc.so.0 -> libopenmpi_malloc.so.0.0.0
	libcdio.so.13 -> libcdio.so.13.0.0
	libchromeXvMCPro.so.1 -> libchromeXvMCPro.so.1.0.0
	libboost_prg_exec_monitor.so.1.48.0 -> libboost_prg_exec_monitor.so.1.48.0
	libcamel-1.2.so.29 -> libcamel-1.2.so.29.0.0
	libpython2.7.so.1.0 -> libpython2.7.so.1.0
	libXfont.so.1 -> libXfont.so.1.4.1
	libslp.so.1 -> libslp.so.1.0.1
	libbrasero-burn3.so.1 -> libbrasero-burn3.so.1.2.3
	libXcomposite-nx.so.1 -> libXcomposite-nx.so.1.0
	libpth.so.20 -> libpth.so.20.0.27
	libgnome-menu.so.2 -> libgnome-menu.so.2.4.13
	libraw_r.so.5 -> libraw_r.so.5.0.0
	libXcompext.so.3 -> libXcompext.so.3.5.0
	libburn.so.4 -> libburn.so.4.71.0
	liboverlay-scrollbar3-0.2.so.0 -> liboverlay-scrollbar3-0.2.so.0.0.16
	libspectre.so.1 -> libspectre.so.1.1.6
	libopen-pal.so.0 -> libopen-pal.so.0.0.0
	libI810XvMC.so.1 -> libI810XvMC.so.1.0.0
	libfreerdp-rail.so.1.0 -> libfreerdp-rail.so.1.0.1
	libicutest.so.48 -> libicutest.so.48.1.1
	libnetsnmptrapd.so.15 -> libnetsnmptrapd.so.15.1.2
	libboost_unit_test_framework.so.1.48.0 -> libboost_unit_test_framework.so.1.48.0
	libtelepathy-glib.so.0 -> libtelepathy-glib.so.0.70.0
	libboost_serialization.so.1.46.1 -> libboost_serialization.so.1.46.1
	libpurple-client.so.0 -> libpurple-client.so.0.10.3
	libXRes.so.1 -> libXRes.so.1.0.0
	libgnomekbd.so.7 -> libgnomekbd.so.7.0.0
	libmythes-1.2.so.0 -> libmythes-1.2.so.0.0.0
	libXext-nx.so.6 -> libXext-nx.so.6.4
	libindicate-gtk.so.3 -> libindicate-gtk.so.3.0.3
	libwpd-0.9.so.9 -> libwpd-0.9.so.9.0.4
	libXcomp.so.3 -> libXcomp.so.3.5.0
	libunique-3.0.so.0 -> libunique-3.0.so.0.0.2
	libvte2_90.so.9 -> libvte2_90.so.9.3200.1
	libunity.so.9 -> libunity.so.9.0.2
	libboost_mpi_python-py32.so.1.48.0 -> libboost_mpi_python-py32.so.1.48.0
	libfreerdp-gdi.so.1.0 -> libfreerdp-gdi.so.1.0.1
	libboost_program_options.so.1.48.0 -> libboost_program_options.so.1.48.0
	libpyglib-2.0-python2.7.so.0 -> libpyglib-2.0-python2.7.so.0.0.0
	libpaper.so.1 -> libpaper.so.1.1.2
	libgucharmap_2_90.so.7 -> libgucharmap_2_90.so.7.0.0
	libt1.so.5 -> libt1.so.5.1.2
	libevdocument3.so.4 -> libevdocument3.so.4.0.0
	libfreerdp-utils.so.1.0 -> libfreerdp-utils.so.1.0.1
	libnetsnmphelpers.so.15 -> libnetsnmphelpers.so.15.1.2
	libicuio.so.48 -> libicuio.so.48.1.1
	libappindicator3.so.1 -> libappindicator3.so.1.0.0
	libusbmuxd.so.1 -> libusbmuxd.so.1.0.7
	libgtkspell-3.so.0 -> libgtkspell-3.so.0.0.0
	libboost_math_tr1l.so.1.48.0 -> libboost_math_tr1l.so.1.48.0
	libgmime-2.6.so.0 -> libgmime-2.6.so.0.600.7
	libXfixes-nx.so.3 -> libXfixes-nx.so.3.0
	libXvMCW.so.1 -> libXvMCW.so.1.0.0
	libnm-glib-vpn.so.1 -> libnm-glib-vpn.so.1.1.0
	libXxf86dga.so.1 -> libXxf86dga.so.1.0.0
	libboost_chrono.so.1.48.0 -> libboost_chrono.so.1.48.0
	libdconf-qt.so.0 -> libdconf-qt.so.0.0.0
	libdaemon.so.0 -> libdaemon.so.0.5.0
	libmpi_cxx.so.0 -> libmpi_cxx.so.0.0.1
	libasprintf.so.0 -> libasprintf.so.0.0.0
	libpulsecore-1.1.so -> libpulsecore-1.1.so
	libaspell.so.15 -> libaspell.so.15.2.0
	libibverbs.so.1 -> libibverbs.so.1.0.0
	libgnome-media-profiles-3.0.so.0 -> libgnome-media-profiles-3.0.so.0.0.0
	libguile-srfi-srfi-60-v-2.so.2 -> libguile-srfi-srfi-60-v-2.so.2.0.2
	libnl-route-3.so.200 -> libnl-route-3.so.200.3.0
	libm17n.so.0 -> libm17n.so.0.4.0
	libjavascriptcoregtk-3.0.so.0 -> libjavascriptcoregtk-3.0.so.0.13.2
	libgtkmm-3.0.so.1 -> libgtkmm-3.0.so.1.1.0
	libecal-1.2.so.10 -> libecal-1.2.so.10.2.2
	libpeas-gtk-1.0.so.0 -> libpeas-gtk-1.0.so.0.200.0
	libIntelXvMC.so.1 -> libIntelXvMC.so.1.0.0
	libQtBamf.so.1 -> libQtBamf.so.1.0.0
	libmpi_f90.so.0 -> libmpif90.so
	libmetacity-private.so.0 -> libmetacity-private.so.0.0.0
	libnfnetlink.so.0 -> libnfnetlink.so.0.2.0
	libimobiledevice.so.2 -> libimobiledevice.so.2.0.1
	libpeas-1.0.so.0 -> libpeas-1.0.so.0.200.0
	libfreerdp-cache.so.1.0 -> libfreerdp-cache.so.1.0.1
	libnm-glib.so.4 -> libnm-glib.so.4.3.0
	libupower-glib.so.1 -> libupower-glib.so.1.0.1
	libboost_math_c99l.so.1.48.0 -> libboost_math_c99l.so.1.48.0
	libcap-ng.so.0 -> libcap-ng.so.0.0.0
	libfreerdp-codec.so.1.0 -> libfreerdp-codec.so.1.0.1
	libexpect.so.5.45 -> libexpect.so.5.45
	libbrasero-media3.so.1 -> libbrasero-media3.so.1.2.3
	libXrandr-nx.so.2 -> libXrandr-nx.so.2.0
	libdns.so.81 -> libdns.so.81.3.1
	librest-0.7.so.0 -> librest-0.7.so.0.0.0
	libindicator3.so.7 -> libindicator3.so.7.0.0
	libnautilus-extension.so.1 -> libnautilus-extension.so.1.4.0
	libicalvcal.so.0 -> libicalvcal.so.0.48.0
	libtimezonemap.so.1 -> libtimezonemap.so.1.0.0
	libutempter.so.0 -> libutempter.so.1.1.5
	libXcompshad.so.3 -> libXcompshad.so.3.5.0
	libFS.so.6 -> libFS.so.6.0.0
	libicutu.so.48 -> libicutu.so.48.1.1
	libpyglib-gi-2.0-python2.7.so.0 -> libpyglib-gi-2.0-python2.7.so.0.0.0
	libpackagekit-glib2.so.14 -> libpackagekit-glib2.so.14.0.11
	libgnome-desktop-3.so.2 -> libgnome-desktop-3.so.2.1.4
	libdee-1.0.so.4 -> libdee-1.0.so.4.1.1
	libevent-2.0.so.5 -> libevent-2.0.so.5.1.4
	libck-connector.so.0 -> libck-connector.so.0.0.0
	libexttextcat.so.0 -> libexttextcat.so.0.0.0
	libgssdp-1.0.so.3 -> libgssdp-1.0.so.3.0.0
	libprotoc.so.7 -> libprotoc.so.7.0.0
	libkpathsea.so.5 -> libkpathsea.so.5.0.0
	libboost_wserialization.so.1.48.0 -> libboost_wserialization.so.1.48.0
	libfontenc.so.1 -> libfontenc.so.1.0.0
	liblaunchpad-integration-3.0.so.1 -> liblaunchpad-integration-3.0.so.1.0.0
	libnux-2.0.so.0 -> libnux-2.0.so.0.1200.0
	libgnome-control-center.so.1 -> libgnome-control-center.so.1.0.0
	libmpi.so.0 -> libmpi.so.0.0.2
	libcdio_paranoia.so.1 -> libcdio_paranoia.so.1.0.0
	libxapian.so.22 -> libxapian.so.22.4.2
	libyelp.so.0 -> libyelp.so.0.0.0
	libunity-2d-private.so.0 -> libunity-2d-private.so.0.0.0
	libnetfilter_conntrack.so.3 -> libnetfilter_conntrack.so.3.1.3
	libboost_thread.so.1.48.0 -> libboost_thread.so.1.48.0
	libboost_wserialization.so.1.46.1 -> libboost_wserialization.so.1.46.1
	libjbig2dec.so.0 -> libjbig2dec.so.0.0.0
	libboost_math_tr1.so.1.48.0 -> libboost_math_tr1.so.1.48.0
	libicuuc.so.48 -> libicuuc.so.48.1.1
	libaccountsservice.so.0 -> libaccountsservice.so.0.0.0
	libicui18n.so.48 -> libicui18n.so.48.1.1
	libnux-core-2.0.so.0 -> libnux-core-2.0.so.0.1200.0
	libguile-srfi-srfi-4-v-3.so.3 -> libguile-srfi-srfi-4-v-3.so.3.0.1
	libido3-0.1.so.0 -> libido3-0.1.so.0.0.0
	libijs-0.35.so -> libijs-0.35.so
	libgeoclue.so.0 -> libgeoclue.so.0.0.0
	librdf.so.0 -> librdf.so.0.0.0
	libboost_math_c99.so.1.48.0 -> libboost_math_c99.so.1.48.0
	libdmapsharing-3.0.so.2 -> libdmapsharing-3.0.so.2.9.14
	libgnome-menu-3.so.0 -> libgnome-menu-3.so.0.0.1
	libguilereadline-v-17.so.17 -> libguilereadline-v-17.so.17.0.3
	libiculx.so.48 -> libiculx.so.48.1.1
	libotf.so.0 -> libotf.so.0.0.0
	libnuma.so.1 -> libnuma.so.1
	libpspell.so.15 -> libpspell.so.15.2.0
	libedata-cal-1.2.so.13 -> libedata-cal-1.2.so.13.0.0
	libxklavier.so.16 -> libxklavier.so.16.2.0
	liblwres.so.80 -> liblwres.so.80.0.1
	libdecoration.so.0 -> libdecoration.so.0.0.0
	libgpgme-pth.so.11 -> libgpgme-pth.so.11.7.0
	libperl.so.5.14 -> libperl.so.5.14.2
	libwps-0.2.so.2 -> libwps-0.2.so.2.0.4
	libibus-qt.so.1 -> libibus-qt.so.1.3.0
	libvncserver.so.0 -> libvncserver.so.0.0.0
	libgdata.so.13 -> libgdata.so.13.2.0
	libboost_math_tr1f.so.1.48.0 -> libboost_math_tr1f.so.1.48.0
	libguile.so.17 -> libguile.so.17.4.0
	libtotem-plparser-mini.so.17 -> libtotem-plparser-mini.so.17.0.3
	libboost_math_c99f.so.1.48.0 -> libboost_math_c99f.so.1.48.0
	libcwidget.so.3 -> libcwidget.so.3.0.0
	libwpg-0.2.so.2 -> libwpg-0.2.so.2.0.1
	libneon-gnutls.so.27 -> libneon-gnutls.so.27.2.6
	libedataserver-1.2.so.15 -> libedataserver-1.2.so.15.0.0
	libguile-srfi-srfi-1-v-3.so.3 -> libguile-srfi-srfi-1-v-3.so.3.0.2
	liblirc_client.so.0 -> liblirc_client.so.0.2.1
	libsnmp.so.15 -> libsnmp.so.15.1.2
	libmtdev.so.1 -> libmtdev.so.1.0.0
	libfolks.so.25 -> libfolks.so.25.7.0
	libindicate.so.5 -> libindicate.so.5.0.7
	libjte.so.1 -> libjte.so.1.0.0
	libtotem.so.0 -> libtotem.so.0.0.0
	libmission-control-plugins.so.0 -> libmission-control-plugins.so.0.3.1
	libgnome-bluetooth.so.8 -> libgnome-bluetooth.so.8.0.0
	libboost_serialization.so.1.48.0 -> libboost_serialization.so.1.48.0
	libboost_locale.so.1.48.0 -> libboost_locale.so.1.48.0
	libicalss.so.0 -> libicalss.so.0.48.0
	libcmis-0.2.so.0 -> libcmis-0.2.so.0.0.0
	libmpi_f77.so.0 -> libmpif77.so
	libmca_common_sm.so.1 -> libmca_common_sm.so.1.0.0
	libmagic.so.1 -> libmagic.so.1.0.0
	libfribidi.so.0 -> libfribidi.so.0.3.1
	librhythmbox-core.so.5 -> librhythmbox-core.so.5.0.0
	libboost_graph_parallel.so.1.48.0 -> libboost_graph_parallel.so.1.48.0
	libsgutils2.so.2 -> libsgutils2.so.2.0.0
	libnux-graphics-2.0.so.0 -> libnux-graphics-2.0.so.0.1200.0
	libbrasero-utils3.so.1 -> libbrasero-utils3.so.1.2.3
	libplist.so.1 -> libplist.so.1.1.8
	libhpip.so.0 -> libhpip.so.0.0.1
	libboost_python-py27.so.1.48.0 -> libboost_python.so
	libedataserverui-3.0.so.1 -> libedataserverui-3.0.so.1.0.0
	libfreerdp-core.so.1.0 -> libfreerdp-core.so.1.0.1
	libnxredir.so.0 -> libnxredir.so.0
	libm17n-flt.so.0 -> libm17n-flt.so.0.4.0
	libmtp.so.9 -> libmtp.so.9.0.3
	libgwibber.so.2 -> libgwibber.so.2.0.0
	libboost_filesystem.so.1.48.0 -> libboost_filesystem.so.1.48.0
	liboverlay-scrollbar-0.2.so.0 -> liboverlay-scrollbar-0.2.so.0.0.16
	libgirepository-1.0.so.1 -> libgirepository-1.0.so.1.0.0
	libnetsnmpagent.so.15 -> libnetsnmpagent.so.15.1.2
	libchromeXvMC.so.1 -> libchromeXvMC.so.1.0.0
	libsyncdaemon-1.0.so.1 -> libsyncdaemon-1.0.so.1.0.0
	libnetsnmp.so.15 -> libnetsnmp.so.15.1.2
	libvncclient.so.0 -> libvncclient.so.0.0.0
	libt1x.so.5 -> libt1x.so.5.1.2
	libdjvulibre.so.21 -> libdjvulibre.so.21.3.0
	libprotobuf.so.7 -> libprotobuf.so.7.0.0
	libopcodes-2.22-system.so -> libopcodes-2.22-system.so
	libGeoIPUpdate.so.0 -> libGeoIPUpdate.so.0.0.0
	libisc.so.83 -> libisc.so.83.0.1
	libtorque.so.2 -> libtorque.so.2.0.0
	libedata-book-1.2.so.11 -> libedata-book-1.2.so.11.0.0
	libboost_mpi_python-py27.so.1.48.0 -> libboost_mpi_python.so
	liblightdm-gobject-1.so.0 -> liblightdm-gobject-1.so.0.0.0
	libebook-1.2.so.12 -> libebook-1.2.so.12.3.1
	libraw.so.5 -> libraw.so.5.0.0
	libmhash.so.2 -> libmhash.so.2.0.1
	libboost_iostreams.so.1.46.1 -> libboost_iostreams.so.1.46.1
	librsync.so.1 -> librsync.so.1.0.2
	libgweather-3.so.0 -> libgweather-3.so.0.0.6
	libfreerdp-channels.so.1.0 -> libfreerdp-channels.so.1.0.1
	libgedit-private.so.0 -> libgedit-private.so.0.0.0
	libopenobex.so.1 -> libopenobex.so.1.5.0
	libicule.so.48 -> libicule.so.48.1.1
	libX11-nx.so.6 -> libX11-nx.so.6.2
	libzephyr.so.4 -> libzephyr.so.4.0.0
	libgpod.so.4 -> libgpod.so.4.3.2
	libXtst-nx.so.6 -> libXtst-nx.so.6.1
	libm17n-gui.so.0 -> libm17n-gui.so.0.4.0
	libcompiz_core.so.ABI-20120305 -> libcompiz_core.so.0.9.7.8
	libGeoIP.so.1 -> libGeoIP.so.1.4.8
	libbind9.so.80 -> libbind9.so.80.0.3
	libgrip.so.0 -> libgrip.so.0.304.0
	libwnck-3.so.0 -> libwnck-3.so.0.2.0
	libindicator-messages-status-provider.so.1 -> libindicator-messages-status-provider.so.1.0.0
	libboost_python-py32.so.1.48.0 -> libboost_python-py32.so.1.48.0
	libhyphen.so.0 -> libhyphen.so.0.2.1
	libgck-1.so.0 -> libgck-1.so.0.0.0
	libspeechd.so.2 -> libspeechd.so.2.3.0
	libgs.so.9 -> libgs.so.9.05
	libzeitgeist-1.0.so.1 -> libzeitgeist-1.0.so.1.1.4
	libwpd-stream-0.9.so.9 -> libwpd-stream-0.9.so.9.0.4
	libisofs.so.6 -> libisofs.so.6.54.0
	libpurple.so.0 -> libpurple.so.0.10.3
	libcompizconfig.so.0 -> libcompizconfig.so.0.0.0
	libfolks-telepathy.so.25 -> libfolks-telepathy.so.25.7.0
	libdevhelp-3.so.0 -> libdevhelp-3.so.0.0.0
	libmusicbrainz3.so.6 -> libmusicbrainz3.so.6.2.0
	libical.so.0 -> libical.so.0.48.0
	libXdamage-nx.so.1 -> libXdamage-nx.so.1.0
	libenchant.so.1 -> libenchant.so.1.6.0
	libhpmud.so.0 -> libhpmud.so.0.0.6
	libboost_random.so.1.48.0 -> libboost_random.so.1.48.0
